


ARM Macro Assembler    Page 1 


    1 00000000                 thumb
    2 00000000                 area             moncode, code, readonly
    3 00000000                 import           TabSin
    4 00000000                 import           TabCos
    5 00000000         
    6 00000000                 export           carre
    7 00000000         
    8 00000000         carre   proc
    9 00000000         
   10 00000000 4906            ldr              r1, =TabSin
   11 00000002 4A07            ldr              r2, =TabCos
   12 00000004         
   13 00000004 F931 3010       ldrsh            r3, [r1,r0, lsl#0x01]
   14 00000008 F932 C010       ldrsh            r12, [r2,r0, lsl#0x01]
   15 0000000C         
   16 0000000C FB03 F303       mul              r3,r3
   17 00000010 FB0C FC0C       mul              r12,r12
   18 00000014         
   19 00000014 4463            add              r3,r12
   20 00000016         
   21 00000016 4618            mov              r0,r3
   22 00000018 E7FF            b                fin
   23 0000001A         fin
   24 0000001A 4770            bx               lr
   25 0000001C                 endp
   26 0000001C                 end
              00000000 
              00000000 
Command Line: --debug --xref --diag_suppress=9931 --cpu=Cortex-M3 --apcs=interw
ork --depend=.\obj\2-1_carre.d -o.\obj\2-1_carre.o -I.\RTE\_Simu -ID:\ARM\CMSIS
\5.6.0\CMSIS\Core\Include -ID:\Keil\STM32F1xx_DFP\2.3.0\Device\Include --predef
ine="__EVAL SETA 1" --predefine="__MICROLIB SETA 1" --predefine="__UVISION_VERS
ION SETA 529" --predefine="_RTE_ SETA 1" --predefine="STM32F10X_MD SETA 1" --li
st=2-1_carre.lst 2-1_carre.s



ARM Macro Assembler    Page 1 Alphabetic symbol ordering
Relocatable symbols

carre 00000000

Symbol: carre
   Definitions
      At line 8 in file 2-1_carre.s
   Uses
      At line 6 in file 2-1_carre.s
Comment: carre used once
fin 0000001A

Symbol: fin
   Definitions
      At line 23 in file 2-1_carre.s
   Uses
      At line 22 in file 2-1_carre.s
Comment: fin used once
moncode 00000000

Symbol: moncode
   Definitions
      At line 2 in file 2-1_carre.s
   Uses
      None
Comment: moncode unused
3 symbols



ARM Macro Assembler    Page 1 Alphabetic symbol ordering
External symbols

TabCos 00000000

Symbol: TabCos
   Definitions
      At line 4 in file 2-1_carre.s
   Uses
      At line 11 in file 2-1_carre.s
Comment: TabCos used once
TabSin 00000000

Symbol: TabSin
   Definitions
      At line 3 in file 2-1_carre.s
   Uses
      At line 10 in file 2-1_carre.s
Comment: TabSin used once
2 symbols
342 symbols in table
