


ARM Macro Assembler    Page 1 


    1 00000000                 thumb
    2 00000000         
    3 00000000                 extern           TabSin
    4 00000000                 extern           TabCos
    5 00000000                 extern           TabSig
    6 00000000                 import           calcul_preliminaire
    7 00000000         
    8 00000000         
    9 00000000                 area             moncode, code, readonly
   10 00000000                 export           somme_carre
   11 00000000         
   12 00000000         somme_carre
                               proc
   13 00000000 B530            push             {r4,r5,lr}  ;les arguments de l
                                                            a fonction : adress
                                                            e de tabsig en r0, 
                                                            k en r1
   14 00000002         
   15 00000002         ; ************ Calcul de la partie réelle **************
                       ******* 
   16 00000002 4A07            ldr              r2, =TabCos ; on récupère l'adr
                                                            esse de Tabcos 
   17 00000004 4604            mov              r4, r0
   18 00000006 F7FF FFFE       bl               calcul_preliminaire
   19 0000000A 4605            mov              r5, r0      ; on a la partie ré
                                                            elle 
   20 0000000C         ;SMULL r5, r5, r5                    ; on stocke la part
                       ie réelle au carré 
   21 0000000C         
   22 0000000C         ; ************ Calcul de la partie imaginaire***********
                       **********  
   23 0000000C 4A05            ldr              r2, =TabSin
   24 0000000E 4620            mov              r0, r4
   25 00000010 F7FF FFFE       bl               calcul_preliminaire
   26 00000014         ;mov r6, r0             ; on a la partie imaginaire 
   27 00000014 FB80 2300       SMULL            r2, r3, r0, r0 ; on stocke la p
                                                            artie imaginaire au
                                                             carré 
   28 00000018 FBC5 2305       SMLAL            r2, r3, r5, r5
   29 0000001C 4618            mov              r0, r3
   30 0000001E         
   31 0000001E         ; ***************** Addition****************************
                       **********
   32 0000001E         
   33 0000001E         ;add r5,r6                   ;  Re(k)² + Im(k)² 
   34 0000001E         ;mov r0,r5         ; on garde les 32 bits de poids forts
                        de la multiplication dans r0
   35 0000001E         
   36 0000001E BD30    fin     pop              {r4,r5,pc}  ;dernière instructi
                                                            on de la fonction
   37 00000020                 endp
   38 00000020         ;
   39 00000020                 end
              00000000 
              00000000 
Command Line: --debug --xref --diag_suppress=9931 --cpu=Cortex-M3 --apcs=interw
ork --depend=.\obj\m2.d -o.\obj\m2.o -I.\RTE\_Simu -IC:\Users\hugol\AppData\Loc
al\Arm\Packs\ARM\CMSIS\5.6.0\CMSIS\Core\Include -IC:\Users\hugol\AppData\Local\
Arm\Packs\Keil\STM32F1xx_DFP\2.3.0\Device\Include --predefine="__EVAL SETA 1" -



ARM Macro Assembler    Page 2 


-predefine="__MICROLIB SETA 1" --predefine="__UVISION_VERSION SETA 529" --prede
fine="_RTE_ SETA 1" --predefine="STM32F10X_MD SETA 1" --list=m2.lst M2.s



ARM Macro Assembler    Page 1 Alphabetic symbol ordering
Relocatable symbols

fin 0000001E

Symbol: fin
   Definitions
      At line 36 in file M2.s
   Uses
      None
Comment: fin unused
moncode 00000000

Symbol: moncode
   Definitions
      At line 9 in file M2.s
   Uses
      None
Comment: moncode unused
somme_carre 00000000

Symbol: somme_carre
   Definitions
      At line 12 in file M2.s
   Uses
      At line 10 in file M2.s
Comment: somme_carre used once
3 symbols



ARM Macro Assembler    Page 1 Alphabetic symbol ordering
External symbols

TabCos 00000000

Symbol: TabCos
   Definitions
      At line 4 in file M2.s
   Uses
      At line 16 in file M2.s
Comment: TabCos used once
TabSig 00000000

Symbol: TabSig
   Definitions
      At line 5 in file M2.s
   Uses
      None
Comment: TabSig unused
TabSin 00000000

Symbol: TabSin
   Definitions
      At line 3 in file M2.s
   Uses
      At line 23 in file M2.s
Comment: TabSin used once
calcul_preliminaire 00000000

Symbol: calcul_preliminaire
   Definitions
      At line 6 in file M2.s
   Uses
      At line 18 in file M2.s
      At line 25 in file M2.s

4 symbols
344 symbols in table
